  items_total: 500
  ki_out total : 30
  test total : 3
  test_pass_2 total : 6
  test_pass_3 total : 1
  test_fail total : 40
  test_pass_1 total : 420
已知问题_测试类: [上海]0104单张套票非选座
已知问题_测试类: [上海]选座单张套票
已知问题_测试类: [上海]爱乐汇·《奥斯卡之夜》电影经典名曲视听交响音乐会
已知问题_已下架：[上海]2016年四季上海亲子年票
已知问题_已下架：[广州]超级队长MixV虚拟现实互动体验街
已知问题_已下架：[上海]猫和老鼠“身临鼠境”主题展
已知问题_已下架：[西安]法国新兴电子爵士SuPerDoG四重奏
已知问题_已下架：[西安]吉顿克莱默与布达佩斯交响乐团西安音乐会
已知问题_已下架：[郑州]中国广播民族乐团室内乐音乐会
已知问题_已下架：[石家庄]《天空之城—久石让宫崎骏经典动漫作品视听音乐会》
已知问题_已下架：[株洲]2017"话剧大赏"—非常林奕华·舞台剧《红楼梦》
已知问题_已下架：[杭州]爱乐汇·“天空之城”久石让&宫崎骏动漫作品视听音乐会
已知问题_已下架：[杭州]爱乐汇·“天空之城”久石让&宫崎骏动漫作品视听音乐会
已知问题_已下架：[无锡]"Human and Divine"Ashram隐修所乐队2017巡演—无锡站
已知问题_已下架：[昆明]爱乐汇《夜的钢琴曲》—石进钢琴作品音乐会
已知问题_已下架：[西安]立陶宛米提斯弦乐四重奏音乐会
已知问题_已下架：[兰州]“东方艺术周”——城市因东方而美丽！《中国东方歌舞团经典歌舞晚会》
已知问题_已下架：[上海]余德耀美术馆——周力：白影
已知问题_已下架：[上海]上海爱乐乐团室内乐系列之 德奥大师杰作音乐会
已知问题_已下架：[上海]“我心永恒”醉美的旋律经典名曲音乐会
已知问题_已下架：[上海]俄罗斯芭蕾国家剧院芭蕾舞团《胡桃夹子》
已知问题_已下架：[兰州]“东方艺术周”——城市因东方而美丽！舞蹈诗画《国色》
已知问题_已下架：[北京] COCO
已知问题_已下架：[重庆]儿童剧《猪探长》
已知问题_已下架：[成都]饶晓志导演"淡未来"系列之《咸蛋》
已知问题_已下架：[上海]玲珑国乐之近筝者·墨赵墨佳古筝专场音乐会
已知问题_已下架：[北京]直到世界尽头——7080经典动漫演唱会 北京站
已知问题_已下架：[上海]《开放夫妻》
已知问题_已下架：[上海]原创音乐剧《致命咖啡》瘾藏者系列
已知问题_已下架：[上海]悬疑爱情舞台剧《出租屋》
已知问题_已下架：[杭州]2017杭州五一重磅活动 超级枕头大战
已知问题_已下架：[济南]2017[A CLASSIC TOUR学友.经典] 世界巡回演唱会—济南站
已知问题_已下架：[上海]2017上海五一重磅活动 欧洲超模DJ巡演&超级荧光派对
失败: [长沙][长沙]赖声川监制—音乐舞台剧《弹琴说爱》||create_at:2017-01-12 10:05:14||update_at:2017-04-17 15:00:48||past:8 days, 19:39:45.002202
    get1:[长沙]赖声川监制—音乐舞台剧《弹琴说爱》
    get2:[泰州]音乐舞台剧《弹琴说爱》
    get3:[郑州]2017金蛋话剧节 音乐舞台剧《弹琴说爱》
失败: [广州]2017许冠杰巡回演唱会-佛山站||create_at:2016-12-29 16:29:02||update_at:2017-04-17 15:00:48||past:8 days, 19:39:45.003886
    get1:[佛山]2017许冠杰巡回演唱会-佛山站
    get2:[广州]经典童话人偶剧《小红帽》广州站
    get3:[广州]广州大剧院2017年度歌剧 威尔第《阿依达》
失败: [北京]中国爱乐乐团2016—2017音乐季交响音乐会ZC之三||create_at:2017-01-04 12:00:00||update_at:2017-04-17 15:00:48||past:8 days, 19:39:45.003922
    get1:[北京]中国爱乐乐团2016—2017音乐季交响音乐会ZC
    get2:[北京]中国爱乐乐团2016—2017音乐季交响音乐会
    get3:[北京]中国爱乐乐团2016—2017音乐季交响音乐会
失败: [北京]中国爱乐乐团2016—2017音乐季交响音乐会之四||create_at:2017-01-04 12:07:51||update_at:2017-04-17 15:00:48||past:8 days, 19:39:45.003947
    get1:[北京]中国爱乐乐团2016—2017音乐季交响音乐会ZC
    get2:[北京]中国爱乐乐团2016—2017音乐季交响音乐会
    get3:[北京]中国爱乐乐团2016—2017音乐季交响音乐会
失败: [北京]中国爱乐乐团2016—2017音乐季交响音乐会之五||create_at:2017-01-04 12:07:56||update_at:2017-04-17 15:00:48||past:8 days, 19:39:45.003968
    get1:[北京]中国爱乐乐团2016—2017音乐季交响音乐会
    get2:[北京]中国爱乐乐团2016—2017音乐季交响音乐会ZC
    get3:[北京]中国爱乐乐团2016—2017音乐季交响音乐会
失败: [广州]广州交响乐团2016/17音乐季（15）吉他男神米洛什||create_at:2017-01-05 17:52:31||update_at:2017-04-17 15:00:48||past:8 days, 19:39:45.003989
    get1:[广州]广州交响乐团2016/17音乐季（15） 叶詠诗的俄罗斯与西班牙之夜
    get2:[广州]广州交响乐团2016/17音乐季（13） 黑白键上的法兰西
    get3:[广州]广州交响乐团2016/17音乐季（12） 王健·东西方的对话
失败: [上海]劳伦斯·奥利弗奖获奖作品 《黑鸟》 ||create_at:2017-02-09 16:41:09||update_at:2017-04-17 15:00:48||past:8 days, 19:39:45.004012
    get1:[上海]劳伦斯·奥利弗奖获奖作品 《黑鸟》
    get2:[上海]英国TNT剧院莎士比亚经典《第十二夜》
    get3:[广州]院庆演出季 上海昆剧团《长生殿》四本 第三本《马嵬惊变》
失败: [上海]“大宁东方艺术周”中国东方歌舞团 《经典歌舞晚会》||create_at:2017-02-22 13:54:40||update_at:2017-04-17 15:00:48||past:8 days, 19:39:45.004035
    get1:[上海]“大宁东方艺术周”中国东方歌舞团大型舞剧《兰花花》
    get2:[上海]“大宁东方艺术周”舞蹈诗画《国色》
    get3:[广州]院庆演出季 上海昆剧团《长生殿》四本 第四本《月宫重圆》
失败: [西安]【XSO2017音乐季】 “仰望天堂”——门德尔松与莫扎特交响音乐会||create_at:2017-02-27 14:01:29||update_at:2017-04-17 15:00:48||past:8 days, 19:39:45.004057
    get1:[西安]XSO2017音乐季·“仰望天堂”——门德尔松与莫扎特交响音乐会
    get2:[西安]XSO2017音乐季·“完美的古典音乐”海顿与贝多芬作品音乐会
    get3:[西安]XSO2017音乐季·欢乐颂-人类最崇高的理想贝多芬第九交响曲
失败: [西安]【XSO2017音乐季】"极尽优雅之弦乐小乐曲"弦乐作品音乐会||create_at:2017-02-27 14:02:33||update_at:2017-04-17 15:00:48||past:8 days, 19:39:45.004079
    get1:[西安]XSO2017音乐季·"极尽优雅之弦乐小乐曲"弦乐作品音乐会
    get2:[西安]XSO2017音乐季·“完美的古典音乐”海顿与贝多芬作品音乐会
    get3:[西安]XSO2017音乐季·“仰望天堂”——门德尔松与莫扎特交响音乐会
失败: [西安]【XSO2017音乐季】＂交响乐大师＂贝多芬与拉赫马尼诺夫交响音乐||create_at:2017-02-27 14:03:04||update_at:2017-04-17 15:00:48||past:8 days, 19:39:45.004101
    get1:[西安]XSO2017音乐季·＂交响乐大师＂贝多芬与拉赫马尼诺夫交响音乐
    get2:[西安]XSO2017音乐季·“完美的古典音乐”海顿与贝多芬作品音乐会
    get3:[西安]XSO2017音乐季·“仰望天堂”——门德尔松与莫扎特交响音乐会
失败: [兰州]《从前，有个，筋斗云》||create_at:2017-02-28 12:11:01||update_at:2017-04-17 15:00:48||past:8 days, 19:39:45.004122
    get1:[济南]儿童剧《从前·有个·筋斗云》
    get2:[兰州]儿童剧《从前，有个，筋斗云》
    get3:[兰州]阿尔梅达剧院现场《理查三世》
失败: [北京]北方昆曲剧院建院60周年系列演出—昆曲《红楼梦》（6日上本  7日下本）||create_at:2017-03-22 15:43:15||update_at:2017-04-17 15:00:48||past:8 days, 19:39:45.004144
    get1:[北京]北方昆曲剧院建院60周年系列演出—昆曲《红楼梦》（6日上本 7日下本）
    get2:[北京]in KIDS with LINE FRIENDS乐园
    get3:[北京]2017影响城市之声
失败: [西安]【XSO2017音乐季】“纯粹的古典” 德米登科与西安交响乐团音乐会||create_at:2017-02-27 12:55:08||update_at:2017-04-17 15:00:48||past:8 days, 19:39:45.004166
    get1:[西安]XSO2017音乐季·“纯粹的古典” 德米登科与西安交响乐团音乐会
    get2:[西安]XSO2017音乐季·“完美的古典音乐”海顿与贝多芬作品音乐会
    get3:[西安]XSO2017音乐季·“仰望天堂”——门德尔松与莫扎特交响音乐会
失败: [西安]【XSO2017音乐季】“完美的古典音乐”海顿与贝多芬作品音乐会||create_at:2017-02-27 12:55:48||update_at:2017-04-17 15:00:48||past:8 days, 19:39:45.004187
    get1:[西安]XSO2017音乐季·“完美的古典音乐”海顿与贝多芬作品音乐会
    get2:[西安]XSO2017音乐季·“仰望天堂”——门德尔松与莫扎特交响音乐会
    get3:[西安]XSO2017音乐季·欢乐颂-人类最崇高的理想贝多芬第九交响曲
失败: [西安]【XSO2017音乐季】"青春的痛苦与欢乐"贝多芬与马勒交响音乐||create_at:2017-02-27 13:06:48||update_at:2017-04-17 15:00:48||past:8 days, 19:39:45.004207
    get1:[西安]XSO2017音乐季·"青春的痛苦与欢乐"贝多芬与马勒交响音乐
    get2:[西安]XSO2017音乐季·“完美的古典音乐”海顿与贝多芬作品音乐会
    get3:[西安]XSO2017音乐季·“仰望天堂”——门德尔松与莫扎特交响音乐会
失败: [兰州]“东方艺术周”——城市因东方而美丽！舞剧《兰花花》||create_at:2017-02-28 12:09:51||update_at:2017-04-17 15:00:48||past:8 days, 19:39:45.004228
    get1:[兰州]“东方艺术周”·舞剧《兰花花》
    get2:[上海]“大宁东方艺术周”中国东方歌舞团大型舞剧《兰花花》
    get3:[上海]“大宁东方艺术周”舞蹈诗画《国色》
失败: [北京]开心麻花戏剧新体验 导演李雅菂作品《青鸟》||create_at:2017-03-07 16:29:43||update_at:2017-04-17 15:00:48||past:8 days, 19:39:45.004250
    get1:[北京]开心麻花 戏剧新体验 导演李雅菂作品《青鸟》
    get2:[北京]in KIDS with LINE FRIENDS乐园
    get3:[北京]2017喵星人侵占地球名猫展北京站
失败: [烟台]明星版话剧《仲夏夜之梦》||create_at:2017-03-09 18:35:29||update_at:2017-04-17 15:00:48||past:8 days, 19:39:45.004271
    get1:[烟台]明星版话剧《在那遥远的星球,一粒沙》
    get2:[烟台]明星版话剧《明年此时》
    get3:[烟台]俄罗斯经典芭蕾舞剧《天鹅湖》
失败: [上海]新编历史京剧《钦差林则徐》 ||create_at:2017-03-13 10:43:21||update_at:2017-04-17 15:00:48||past:8 days, 19:39:45.004292
    get1:[上海]新编历史京剧《钦差林则徐》
    get2:[上海]英国TNT剧院莎士比亚经典《第十二夜》
    get3:[广州]院庆演出季 上海昆剧团《长生殿》四本 第二本《霓裳羽衣》
失败: [上海]玲珑国乐之下里·阳春施文卿琵琶专场音乐会||create_at:2017-03-15 19:22:11||update_at:2017-04-17 15:00:48||past:8 days, 19:39:45.004314
    get1:[上海]玲珑国乐之下里·阳春 施文卿琵琶专场音乐会
    get2:[广州]院庆演出季 上海昆剧团《长生殿》四本 第四本《月宫重圆》
    get3:[上海]英国TNT剧院莎士比亚经典《第十二夜》
失败: [兰州]段召旭钢琴独奏讲解音乐会 ||create_at:2017-03-16 16:17:57||update_at:2017-04-17 15:00:48||past:8 days, 19:39:45.004335
    get1:[兰州]段召旭钢琴独奏讲解音乐会
    get2:[天水]段召旭钢琴独奏讲解音乐会
    get3:[平凉]段召旭钢琴独奏讲解音乐会
失败: [上海]四大名著系列最终章 二零一七 春到梦回 《红楼梦》||create_at:2017-03-16 19:10:31||update_at:2017-04-17 15:00:48||past:8 days, 19:39:45.004356
    get1:[绍兴]第十五届江浙沪闽经典越剧大展演越剧《红楼梦》
    get2:[合肥]非常林奕华作品—舞台剧《红楼梦》
    get3:[郑州]2017金蛋话剧节非常林奕华舞台剧《红楼梦》
失败: [西安]【国际综艺合家欢】3D多媒体亲子音乐剧-阿拉丁与神灯之沉睡精灵||create_at:2017-03-22 13:39:57||update_at:2017-04-17 15:00:48||past:8 days, 19:39:45.004377
    get1:[西安]国际综艺合家欢·3D多媒体亲子音乐剧-阿拉丁与神灯之沉睡精灵
    get2:[西安]国际综艺合家欢·波波波尔斯卡-玩具动画音乐会
    get3:[西安]国际综艺合家欢·德国“钢琴大斗法”音乐会
失败: [西安]仲夏夜之梦——XSO儿童芭蕾音乐会||create_at:2017-03-22 13:40:31||update_at:2017-04-17 15:00:48||past:8 days, 19:39:45.004399
    get1:[西安]仲夏夜之梦-XSO儿童芭蕾音乐会
    get2:[重庆]话剧《仲夏夜之梦》
    get3:[上海]话剧《仲夏夜之梦》明星版
失败: [西安]筝语——王中山古筝与交响乐音乐会||create_at:2017-03-22 13:40:45||update_at:2017-04-17 15:00:48||past:8 days, 19:39:45.004425
    get1:[西安]筝语-王中山古筝与交响乐音乐会
    get2:[西安]2017西安动漫游戏文化节
    get3:[西安]Jazz Right爵士甄选系列-法国声乐爵士皮埃尔四重奏
失败: [西安]My Song——苏菲珊曼妮2017巡回演唱会西安站||create_at:2017-03-22 13:41:04||update_at:2017-04-17 15:00:48||past:8 days, 19:39:45.004446
    get1:[西安]My Song-苏菲珊曼妮2017巡回演唱会西安站
    get2:[西安]2017草莓音乐节（预售）
    get3:[武汉]【万有音乐系】My song-Sophie Zelmani 苏菲·珊曼妮2017巡回演唱会
失败: [上海]音乐星球— —意想不到的音乐课||create_at:2017-03-24 13:16:03||update_at:2017-04-17 15:00:48||past:8 days, 19:39:45.004468
    get1:[上海]音乐星球——意想不到的音乐课
    get2:[广州]院庆演出季 上海昆剧团《长生殿》四本 第三本《马嵬惊变》
    get3:[广州]院庆演出季 上海昆剧团《长生殿》四本 第四本《月宫重圆》
失败: [西安]爱乐汇—“致·爱丽丝”经典浪漫钢琴名曲音乐会||create_at:2017-03-27 11:32:24||update_at:2017-04-17 15:00:48||past:8 days, 19:39:45.004489
    get1:[西安]爱乐汇-“致·爱丽丝”经典浪漫钢琴名曲音乐会
    get2:[成都]爱乐汇—“致•爱丽丝”经典浪漫钢琴名曲音乐会
    get3:[广州]爱乐汇•“致•爱丽丝”经典浪漫钢琴名曲音乐会
失败: [杭州]世界经典电影视听音乐会 I  海上钢琴师||create_at:2017-03-24 14:06:52||update_at:2017-04-17 15:00:48||past:8 days, 19:39:45.004510
    get1:[杭州]世界经典电影视听音乐会 I —海上钢琴师
    get2:[太原]《海上钢琴师》现场版-经典电影钢琴曲天利名家浪漫音乐会
    get3:[杭州]"微小相见"张楚巡回演唱会·杭州站
失败: [西安]十里芳华——端午国风音乐会||create_at:2017-03-27 11:27:22||update_at:2017-04-17 15:00:48||past:8 days, 19:39:45.004532
    get1:[西安]十里芳华-端午国风音乐会
    get2:[西安]2017西安动漫游戏文化节
    get3:[西安]Jazz Right爵士甄选系列-法国声乐爵士皮埃尔四重奏
失败: [上海]【Bad News呈现】Good Things（KASHIWA Daisuke、Shin-Ski） ||create_at:2017-04-13 18:49:09||update_at:2017-04-17 15:00:48||past:8 days, 19:39:45.004553
    get1:[上海]Good Things（KASHIWA Daisuke、Shin-Ski）
    get2:[北京]献给成年人的童话—《爸爸的时光机》
    get3:[北京]《新大头儿子和小头爸爸》第二部
失败: [西安]仲夏夜的诗篇 - 凯瑟琳·西奥奇独奏音乐会||create_at:2017-04-21 17:17:11||update_at:2017-04-21 17:17:11||past:4 days, 17:23:22.004575
    get1:[西安]仲夏夜的诗篇-凯瑟琳·西奥奇独奏音乐会
    get2:[长沙]音剧会《维也纳之恋- 贝多芬的爱情故事》——长沙站
    get3:[西安]2017西安动漫游戏文化节
失败: [西安]【国际综艺合家欢】波波波尔斯卡——玩具动画音乐会||create_at:2017-04-21 17:17:27||update_at:2017-04-21 17:17:27||past:4 days, 17:23:06.004596
    get1:[西安]国际综艺合家欢·波波波尔斯卡-玩具动画音乐会
    get2:[西安]国际综艺合家欢·德国“钢琴大斗法”音乐会
    get3:[深圳]玩具动画亲子音乐会《波波波尔斯卡》
失败: [西安]狼女—埃莱娜·格里莫钢琴独奏音乐会||create_at:2017-04-21 17:19:25||update_at:2017-04-21 17:19:25||past:4 days, 17:21:08.004938
    get1:[西安]狼女-埃莱娜·格里莫钢琴独奏音乐会
    get2:[长沙]狼女埃莱娜·格里莫Helene Grimaud钢琴独奏会
    get3:[武汉]狼女埃莱娜·格里莫Helene Grimaud钢琴独奏音乐会
失败: [西安]【XSO2017音乐季】欢乐颂-人类最崇高的理想贝多芬第九交响曲||create_at:2017-04-21 17:20:37||update_at:2017-04-21 17:20:37||past:4 days, 17:19:56.004963
    get1:[西安]XSO2017音乐季·欢乐颂-人类最崇高的理想贝多芬第九交响曲
    get2:[西安]XSO2017音乐季·“完美的古典音乐”海顿与贝多芬作品音乐会
    get3:[西安]XSO2017音乐季·“仰望天堂”——门德尔松与莫扎特交响音乐会
失败: [西安]【国际综艺合家欢】德国“钢琴大斗法”音乐会||create_at:2017-04-21 17:20:50||update_at:2017-04-21 17:20:50||past:4 days, 17:19:43.004984
    get1:[西安]国际综艺合家欢·德国“钢琴大斗法”音乐会
    get2:[珠海]德国创意双钢琴互动音乐会《钢琴大斗法》
    get3:[西安]国际综艺合家欢·波波波尔斯卡-玩具动画音乐会
失败: [上海]2017 Naga Guitars 音乐会系列 Masaaki Kishibe 岸部真明中国演奏会 ||create_at:2017-04-24 17:47:55||update_at:2017-04-24 17:47:55||past:1 day, 16:52:38.005005
    get1:[上海]2017 Naga Guitars 音乐会系列 岸部真明中国演奏会
    get2:[北京]假日音乐会系列之“星光灿烂”——奥斯卡获奖电影作品音乐会
    get3:[上海]王金金DOLLAR WONG 2017 MINI CONCERT全国巡演
失败: [上海]第34届上海之春国际音乐节 上海音乐学院承办系列演出项目 向周小燕先生致敬 歌剧《一江春水》音乐会版||create_at:2017-04-20 15:08:45||update_at:2017-04-20 15:08:45||past:5 days, 19:31:48.005027
    get1:[上海]第34届上海之春国际音乐节 向周小燕先生致敬 歌剧《一江春水》音乐会版
    get2:[上海]第34届上海之春国际音乐节闭幕演出 多媒体交响剧场《丝路追梦》
    get3:[上海]第34届上海之春国际音乐节 法国嘻哈现代舞《Standards》
失败: [西安] 经典绘本儿童剧《猜猜我有多爱你 ＆ 我爱我的小故事书》||create_at:2017-04-21 17:18:04||update_at:2017-04-21 17:18:04||past:4 days, 17:22:29.005051
    get1:[西安] 经典绘本儿童剧《猜猜我有多爱你＆我爱我的小故事书》
    get2:[北京]经典绘本儿童剧《猜猜我有多爱你＆我爱我的小故事书》(八折特惠)
    get3:[西安]2017西安动漫游戏文化节
